[debug] [2021-01-11T12:31:28.212Z] ----------------------------------------------------------------------
[debug] [2021-01-11T12:31:28.215Z] Command:       /usr/local/bin/firebase /Users/ychebotaev/.cache/firebase/tools/lib/node_modules/firebase-tools/lib/bin/firebase init
[debug] [2021-01-11T12:31:28.215Z] CLI Version:   9.1.2
[debug] [2021-01-11T12:31:28.215Z] Platform:      darwin
[debug] [2021-01-11T12:31:28.215Z] Node Version:  v12.18.1
[debug] [2021-01-11T12:31:28.217Z] Time:          Mon Jan 11 2021 17:31:28 GMT+0500 (Yekaterinburg Standard Time)
[debug] [2021-01-11T12:31:28.217Z] ----------------------------------------------------------------------
[debug] [2021-01-11T12:31:28.217Z] 
[debug] [2021-01-11T12:31:28.223Z] > command requires scopes: ["email","openid","https://www.googleapis.com/auth/cloudplatformprojects.readonly","https://www.googleapis.com/auth/firebase","https://www.googleapis.com/auth/cloud-platform"]
[debug] [2021-01-11T12:31:28.224Z] > authorizing via signed-in user
[info] 
     ######## #### ########  ######## ########     ###     ######  ########
     ##        ##  ##     ## ##       ##     ##  ##   ##  ##       ##
     ######    ##  ########  ######   ########  #########  ######  ######
     ##        ##  ##    ##  ##       ##     ## ##     ##       ## ##
     ##       #### ##     ## ######## ########  ##     ##  ######  ########

You're about to initialize a Firebase project in this directory:

  /Users/ychebotaev/Projects/my-groceries

Before we get started, keep in mind:

  * You are initializing in an existing Firebase project directory

[info] 
=== Project Setup
[info] 
[info] First, let's associate this project directory with a Firebase project.
[info] You can create multiple project aliases by running firebase use --add, 
[info] but for now we'll just set up a default project.
[info] 
[debug] [2021-01-11T12:31:44.249Z] >>> HTTP REQUEST GET https://firebase.googleapis.com/v1beta1/projects/my-products-2  
 
[debug] [2021-01-11T12:31:44.576Z] <<< HTTP RESPONSE 200 {"content-type":"application/json; charset=UTF-8","vary":"X-Origin, Referer, Origin,Accept-Encoding","date":"Mon, 11 Jan 2021 12:31:44 GMT","server":"ESF","cache-control":"private","x-xss-protection":"0","x-frame-options":"SAMEORIGIN","x-content-type-options":"nosniff","alt-svc":"h3-29=\":443\"; ma=2592000,h3-T051=\":443\"; ma=2592000,h3-Q050=\":443\"; ma=2592000,h3-Q046=\":443\"; ma=2592000,h3-Q043=\":443\"; ma=2592000,quic=\":443\"; ma=2592000; v=\"46,43\"","accept-ranges":"none","transfer-encoding":"chunked"}
[info] i  Using project my-products-2 (My Groceries) 
[info] 
=== Database Setup
[info] i  database: ensuring required API firebasedatabase.googleapis.com is enabled... 
[debug] [2021-01-11T12:31:44.590Z] >>> HTTP REQUEST GET https://serviceusage.googleapis.com/v1/projects/my-products-2/services/firebasedatabase.googleapis.com  
 
[debug] [2021-01-11T12:31:45.959Z] <<< HTTP RESPONSE 200 {"content-type":"application/json; charset=UTF-8","vary":"X-Origin, Referer, Origin,Accept-Encoding","date":"Mon, 11 Jan 2021 12:31:45 GMT","server":"ESF","cache-control":"private","x-xss-protection":"0","x-frame-options":"SAMEORIGIN","x-content-type-options":"nosniff","alt-svc":"h3-29=\":443\"; ma=2592000,h3-T051=\":443\"; ma=2592000,h3-Q050=\":443\"; ma=2592000,h3-Q046=\":443\"; ma=2592000,h3-Q043=\":443\"; ma=2592000,quic=\":443\"; ma=2592000; v=\"46,43\"","accept-ranges":"none","transfer-encoding":"chunked"}
[info] ✔  database: required API firebasedatabase.googleapis.com is enabled 
[info] 
[debug] [2021-01-11T12:31:45.961Z] >>> HTTP REQUEST GET https://firebasedatabase.googleapis.com/v1beta/projects/my-products-2/locations/-/instances/my-products-2-default-rtdb  
 
[debug] [2021-01-11T12:31:46.572Z] <<< HTTP RESPONSE 200 {"content-type":"application/json; charset=UTF-8","vary":"X-Origin, Referer, Origin,Accept-Encoding","date":"Mon, 11 Jan 2021 12:31:46 GMT","server":"ESF","cache-control":"private","x-xss-protection":"0","x-frame-options":"SAMEORIGIN","x-content-type-options":"nosniff","alt-svc":"h3-29=\":443\"; ma=2592000,h3-T051=\":443\"; ma=2592000,h3-Q050=\":443\"; ma=2592000,h3-Q046=\":443\"; ma=2592000,h3-Q043=\":443\"; ma=2592000,quic=\":443\"; ma=2592000; v=\"46,43\"","accept-ranges":"none","transfer-encoding":"chunked"}
[info] 
[info] Firebase Realtime Database Security Rules allow you to define how your data should be
[info] structured and when your data can be read from and written to.
[info] 
[info] Skipping overwrite of Realtime Database Security Rules.
[info] The security rules defined in database.rules.json will be published when you run firebase deploy.
[info] 
=== Hosting Setup
[info] 
[info] Your public directory is the folder (relative to your project directory) that
[info] will contain Hosting assets to be uploaded with firebase deploy. If you
[info] have a build process for your assets, use your build's output directory.
[info] 
[debug] [2021-01-11T12:32:18.072Z] >>> [apiv2][query] GET https://www.gstatic.com/firebasejs/releases.json [none]
[debug] [2021-01-11T12:32:18.219Z] <<< [apiv2][status] GET https://www.gstatic.com/firebasejs/releases.json 200
[debug] [2021-01-11T12:32:18.220Z] <<< [apiv2][body] GET https://www.gstatic.com/firebasejs/releases.json {"current":{"version":"8.2.2","browserURL":"https://www.gstatic.com/firebasejs/8.2.2/firebase.js","packageURL":"https://www.gstatic.com/firebasejs/8.2.2/firebase.tgz"},"live":{"version":"8.2","browserURL":"https://www.gstatic.com/firebasejs/live/8.2/firebase.js","packageURL":"https://www.gstatic.com/firebasejs/live/8.2/firebase.tgz"},"components":{"analytics":"https://www.gstatic.com/firebasejs/8.2.2/firebase-analytics.js","app":"https://www.gstatic.com/firebasejs/8.2.2/firebase-app.js","auth":"https://www.gstatic.com/firebasejs/8.2.2/firebase-auth.js","database":"https://www.gstatic.com/firebasejs/8.2.2/firebase-database.js","firestore":"https://www.gstatic.com/firebasejs/8.2.2/firebase-firestore.js","functions":"https://www.gstatic.com/firebasejs/8.2.2/firebase-functions.js","installations":"https://www.gstatic.com/firebasejs/8.2.2/firebase-installations.js","messaging":"https://www.gstatic.com/firebasejs/8.2.2/firebase-messaging.js","storage":"https://www.gstatic.com/firebasejs/8.2.2/firebase-storage.js","performance":"https://www.gstatic.com/firebasejs/8.2.2/firebase-performance.js","remote-config":"https://www.gstatic.com/firebasejs/8.2.2/firebase-remote-config.js","firestore.memory":"https://www.gstatic.com/firebasejs/8.2.2/firebase-firestore.memory.js"}}
[info] ✔  Wrote dist/index.html 
[info] 
[info] i  Detected a .git folder at /Users/ychebotaev/Projects/my-groceries 
[info] i  Authorizing with GitHub to upload your service account to a GitHub repository's secrets store. 
[info] 
[info] Visit this URL on this device to log in:
[info] https://github.com/login/oauth/authorize?client_id=89cf50f02ac6aaed3484&state=528312024&redirect_uri=http%3A%2F%2Flocalhost%3A9005&scope=read%3Auser%20repo%20public_repo
[info] 
[info] Waiting for authentication...
[debug] [2021-01-11T12:32:26.704Z] >>> HTTP REQUEST POST https://github.com/login/oauth/access_token  
 {"client_id":"89cf50f02ac6aaed3484","client_secret":"3330d14abc895d9a74d5f17cd7a00711fa2c5bf0","code":"cbffbaf4887023f1171a","redirect_uri":"http://localhost:9005","state":"528312024"}
[debug] [2021-01-11T12:32:27.102Z] <<< HTTP RESPONSE 200 {"date":"Mon, 11 Jan 2021 12:32:26 GMT","content-type":"application/json; charset=utf-8","transfer-encoding":"chunked","server":"GitHub.com","status":"200 OK","vary":"X-PJAX, Accept-Encoding, Accept, X-Requested-With, Accept-Encoding","etag":"W/\"4ad54443c029d78409787e5440b84cac\"","cache-control":"max-age=0, private, must-revalidate","strict-transport-security":"max-age=31536000; includeSubdomains; preload","x-frame-options":"deny","x-content-type-options":"nosniff","x-xss-protection":"1; mode=block","referrer-policy":"origin-when-cross-origin, strict-origin-when-cross-origin","expect-ct":"max-age=2592000, report-uri=\"https://api.github.com/_private/browser/errors\"","content-security-policy":"default-src 'none'; base-uri 'self'; block-all-mixed-content; connect-src 'self' uploads.github.com www.githubstatus.com collector.githubapp.com api.github.com github-cloud.s3.amazonaws.com github-production-repository-file-5c1aeb.s3.amazonaws.com github-production-upload-manifest-file-7fdce7.s3.amazonaws.com github-production-user-asset-6210df.s3.amazonaws.com cdn.optimizely.com logx.optimizely.com/v1/events wss://alive.github.com; font-src github.githubassets.com; form-action 'self' github.com gist.github.com; frame-ancestors 'none'; frame-src render.githubusercontent.com; img-src 'self' data: github.githubassets.com identicons.github.com collector.githubapp.com github-cloud.s3.amazonaws.com *.githubusercontent.com; manifest-src 'self'; media-src 'none'; script-src github.githubassets.com; style-src 'unsafe-inline' github.githubassets.com; worker-src github.com/socket-worker-5029ae85.js gist.github.com/socket-worker-5029ae85.js","x-github-request-id":"BA7F:D2D0:435205F:60C59AE:5FFC455A"}
[debug] [2021-01-11T12:32:27.103Z] >>> [apiv2][query] GET https://api.github.com/user [none]
[debug] [2021-01-11T12:32:27.547Z] <<< [apiv2][status] GET https://api.github.com/user 200
[debug] [2021-01-11T12:32:27.547Z] <<< [apiv2][body] GET https://api.github.com/user {"login":"YChebotaev","id":5302856,"node_id":"MDQ6VXNlcjUzMDI4NTY=","avatar_url":"https://avatars3.githubusercontent.com/u/5302856?v=4","gravatar_id":"","url":"https://api.github.com/users/YChebotaev","html_url":"https://github.com/YChebotaev","followers_url":"https://api.github.com/users/YChebotaev/followers","following_url":"https://api.github.com/users/YChebotaev/following{/other_user}","gists_url":"https://api.github.com/users/YChebotaev/gists{/gist_id}","starred_url":"https://api.github.com/users/YChebotaev/starred{/owner}{/repo}","subscriptions_url":"https://api.github.com/users/YChebotaev/subscriptions","organizations_url":"https://api.github.com/users/YChebotaev/orgs","repos_url":"https://api.github.com/users/YChebotaev/repos","events_url":"https://api.github.com/users/YChebotaev/events{/privacy}","received_events_url":"https://api.github.com/users/YChebotaev/received_events","type":"User","site_admin":false,"name":"Yury Chebotaev","company":null,"blog":"https://ychebotaev.netlify.com/","location":"Yekaterinburg","email":"yury.79120345101@gmail.com","hireable":null,"bio":null,"twitter_username":null,"public_repos":68,"public_gists":5,"followers":2,"following":0,"created_at":"2013-08-24T19:43:25Z","updated_at":"2021-01-11T12:32:26Z","private_gists":2,"total_private_repos":3,"owned_private_repos":3,"disk_usage":26126,"collaborators":0,"two_factor_authentication":true,"plan":{"name":"free","space":976562499,"collaborators":0,"private_repos":10000}}
[info] 
[info] ✔  Success! Logged into GitHub as YChebotaev 
[info] 
